TN:
SF:/Users/ion/Documents/ES6StarterProject/src/scripts/app.js
FN:3,(anonymous_1)
FN:3,defineProperties
FN:3,(anonymous_3)
FN:21,_interopRequireDefault
FN:23,_classCallCheck
FN:25,(anonymous_6)
FN:26,App
FN:40,compile
FNF:8
FNH:8
FNDA:1,(anonymous_1)
FNDA:1,defineProperties
FNDA:1,(anonymous_3)
FNDA:4,_interopRequireDefault
FNDA:1,_classCallCheck
FNDA:1,(anonymous_6)
FNDA:1,App
FNDA:16,compile
DA:3,1
DA:5,1
DA:7,1
DA:9,1
DA:11,1
DA:13,1
DA:15,1
DA:17,1
DA:19,1
DA:21,4
DA:23,1
DA:25,1
DA:26,1
DA:27,1
DA:29,1
DA:30,1
DA:31,1
DA:32,1
DA:33,1
DA:38,1
DA:41,16
DA:45,1
DA:48,1
LF:23
LH:23
BRDA:3,1,0,1
BRDA:3,1,1,1
BRDA:3,2,0,1
BRDA:3,2,1,0
BRDA:3,3,0,1
BRDA:3,3,1,0
BRDA:3,4,0,0
BRDA:3,4,1,1
BRDA:21,5,0,2
BRDA:21,5,1,2
BRDA:21,6,0,4
BRDA:21,6,1,4
BRDA:23,7,0,0
BRDA:23,7,1,1
BRF:14
BRH:10
end_of_record
TN:
SF:/Users/ion/Documents/ES6StarterProject/src/scripts/core/controller.js
FN:7,(anonymous_1)
FN:7,defineProperties
FN:7,(anonymous_3)
FN:29,_interopRequireDefault
FN:31,_classCallCheck
FN:33,(anonymous_6)
FN:34,Controller
FN:43,start
FN:55,masterPage
FN:64,navigate
FN:72,empty
FN:77,add
FN:82,exit
FN:91,masterPageUpdate
FN:96,createView
FN:104,(anonymous_16)
FN:111,animateInComplete
FN:114,prerender
FN:119,home
FN:124,contact
FN:129,about
FN:134,notFound
FNF:22
FNH:21
FNDA:1,(anonymous_1)
FNDA:1,defineProperties
FNDA:1,(anonymous_3)
FNDA:5,_interopRequireDefault
FNDA:1,_classCallCheck
FNDA:1,(anonymous_6)
FNDA:1,Controller
FNDA:1,start
FNDA:1,masterPage
FNDA:12,navigate
FNDA:12,empty
FNDA:13,add
FNDA:11,exit
FNDA:12,masterPageUpdate
FNDA:12,createView
FNDA:12,(anonymous_16)
FNDA:0,animateInComplete
FNDA:9,prerender
FNDA:5,home
FNDA:2,contact
FNDA:2,about
FNDA:3,notFound
DA:3,1
DA:7,14
DA:9,1
DA:11,1
DA:13,1
DA:15,1
DA:17,1
DA:19,1
DA:21,1
DA:23,1
DA:25,1
DA:27,1
DA:29,5
DA:31,1
DA:33,1
DA:34,1
DA:35,1
DA:37,1
DA:38,1
DA:41,1
DA:44,1
DA:46,1
DA:47,1
DA:48,1
DA:49,1
DA:50,1
DA:51,1
DA:56,1
DA:57,1
DA:58,1
DA:59,1
DA:60,1
DA:65,12
DA:66,1
DA:68,11
DA:73,12
DA:78,13
DA:83,11
DA:84,11
DA:85,11
DA:86,11
DA:87,11
DA:92,12
DA:97,12
DA:99,12
DA:100,12
DA:101,12
DA:102,12
DA:104,12
DA:105,12
DA:106,12
DA:115,9
DA:120,5
DA:125,2
DA:130,2
DA:135,3
DA:139,1
DA:144,1
LF:58
LH:58
BRDA:7,1,0,14
BRDA:7,1,1,14
BRDA:7,2,0,14
BRDA:7,2,1,0
BRDA:7,3,0,1
BRDA:7,3,1,0
BRDA:7,4,0,0
BRDA:7,4,1,1
BRDA:29,5,0,4
BRDA:29,5,1,1
BRDA:29,6,0,5
BRDA:29,6,1,5
BRDA:31,7,0,0
BRDA:31,7,1,1
BRDA:65,8,0,1
BRDA:65,8,1,11
BRF:16
BRH:12
end_of_record
TN:
SF:/Users/ion/Documents/ES6StarterProject/src/scripts/partials/master.js
FN:3,(anonymous_1)
FN:3,defineProperties
FN:3,(anonymous_3)
FN:25,_interopRequireDefault
FN:27,_classCallCheck
FN:29,(anonymous_6)
FN:30,Master
FN:39,setup
FN:46,view
FN:57,render
FN:67,destroy
FNF:11
FNH:10
FNDA:1,(anonymous_1)
FNDA:1,defineProperties
FNDA:1,(anonymous_3)
FNDA:5,_interopRequireDefault
FNDA:1,_classCallCheck
FNDA:1,(anonymous_6)
FNDA:1,Master
FNDA:1,setup
FNDA:1,view
FNDA:1,render
FNDA:0,destroy
DA:3,4
DA:5,1
DA:7,1
DA:9,1
DA:11,1
DA:13,1
DA:15,1
DA:17,1
DA:19,1
DA:21,1
DA:23,1
DA:25,5
DA:27,1
DA:29,1
DA:30,1
DA:31,1
DA:33,1
DA:34,1
DA:37,1
DA:40,1
DA:41,1
DA:42,1
DA:47,1
DA:48,1
DA:49,1
DA:51,1
DA:52,1
DA:53,1
DA:59,1
DA:61,1
DA:63,1
DA:70,1
DA:75,1
LF:33
LH:33
BRDA:3,1,0,4
BRDA:3,1,1,4
BRDA:3,2,0,4
BRDA:3,2,1,0
BRDA:3,3,0,1
BRDA:3,3,1,0
BRDA:3,4,0,0
BRDA:3,4,1,1
BRDA:25,5,0,2
BRDA:25,5,1,3
BRDA:25,6,0,5
BRDA:25,6,1,5
BRDA:27,7,0,0
BRDA:27,7,1,1
BRF:14
BRH:10
end_of_record
TN:
SF:/Users/ion/Documents/ES6StarterProject/src/templates/master.html
FNF:0
FNH:0
DA:1,1
LF:1
LH:1
BRF:0
BRH:0
end_of_record
TN:
SF:/Users/ion/Documents/ES6StarterProject/src/scripts/models/home-model.js
FN:7,(anonymous_1)
FN:7,defineProperties
FN:7,(anonymous_3)
FN:9,get
FN:11,set
FN:17,_interopRequireDefault
FN:19,_classCallCheck
FN:21,_possibleConstructorReturn
FN:23,_inherits
FN:25,(anonymous_10)
FN:28,HomeModel
FN:39,set
FN:42,get
FNF:13
FNH:12
FNDA:1,(anonymous_1)
FNDA:1,defineProperties
FNDA:1,(anonymous_3)
FNDA:8,get
FNDA:8,set
FNDA:1,_interopRequireDefault
FNDA:8,_classCallCheck
FNDA:8,_possibleConstructorReturn
FNDA:1,_inherits
FNDA:1,(anonymous_10)
FNDA:8,HomeModel
FNDA:0,set
FNDA:8,get
DA:3,1
DA:7,1
DA:9,8
DA:11,8
DA:13,1
DA:15,1
DA:17,1
DA:19,8
DA:21,8
DA:23,1
DA:25,1
DA:26,1
DA:28,1
DA:29,8
DA:31,8
DA:33,8
DA:34,8
DA:37,1
DA:40,0
DA:43,8
DA:47,1
DA:52,1
LF:22
LH:21
BRDA:7,1,0,1
BRDA:7,1,1,1
BRDA:7,2,0,0
BRDA:7,2,1,1
BRDA:7,3,0,1
BRDA:7,3,1,0
BRDA:7,4,0,0
BRDA:7,4,1,1
BRDA:9,5,0,0
BRDA:9,5,1,8
BRDA:9,6,0,0
BRDA:9,6,1,8
BRDA:9,7,0,0
BRDA:9,7,1,0
BRDA:9,8,0,0
BRDA:9,8,1,8
BRDA:9,9,0,0
BRDA:9,9,1,8
BRDA:11,10,0,0
BRDA:11,10,1,8
BRDA:11,11,0,0
BRDA:11,11,1,0
BRDA:11,12,0,0
BRDA:11,12,1,8
BRDA:11,13,0,8
BRDA:11,13,1,0
BRDA:11,14,0,8
BRDA:11,14,1,0
BRDA:17,15,0,1
BRDA:17,15,1,0
BRDA:17,16,0,1
BRDA:17,16,1,1
BRDA:19,17,0,0
BRDA:19,17,1,8
BRDA:21,18,0,0
BRDA:21,18,1,8
BRDA:21,19,0,0
BRDA:21,19,1,8
BRDA:21,20,0,8
BRDA:21,20,1,0
BRDA:21,20,2,0
BRDA:23,21,0,0
BRDA:23,21,1,1
BRDA:23,22,0,1
BRDA:23,22,1,0
BRDA:23,23,0,1
BRDA:23,23,1,1
BRDA:23,24,0,1
BRDA:23,24,1,0
BRDA:23,25,0,0
BRDA:23,25,1,1
BRF:51
BRH:26
end_of_record
TN:
SF:/Users/ion/Documents/ES6StarterProject/src/scripts/models/base-model.js
FN:7,(anonymous_1)
FN:7,defineProperties
FN:7,(anonymous_3)
FN:9,_classCallCheck
FN:11,(anonymous_5)
FN:12,BaseModel
FN:20,set
FN:23,get
FNF:8
FNH:8
FNDA:1,(anonymous_1)
FNDA:1,defineProperties
FNDA:1,(anonymous_3)
FNDA:21,_classCallCheck
FNDA:1,(anonymous_5)
FNDA:21,BaseModel
FNDA:18,set
FNDA:23,get
DA:3,1
DA:7,1
DA:9,21
DA:11,1
DA:12,1
DA:13,21
DA:15,21
DA:18,1
DA:21,18
DA:24,23
DA:28,1
DA:33,1
LF:12
LH:12
BRDA:7,1,0,1
BRDA:7,1,1,1
BRDA:7,2,0,0
BRDA:7,2,1,1
BRDA:7,3,0,1
BRDA:7,3,1,0
BRDA:7,4,0,0
BRDA:7,4,1,1
BRDA:9,5,0,0
BRDA:9,5,1,21
BRF:10
BRH:6
end_of_record
TN:
SF:/Users/ion/Documents/ES6StarterProject/src/scripts/partials/header.js
FN:3,(anonymous_1)
FN:3,defineProperties
FN:3,(anonymous_3)
FN:13,_interopRequireDefault
FN:15,_classCallCheck
FN:17,(anonymous_6)
FN:18,Header
FN:27,view
FN:34,render
FNF:9
FNH:9
FNDA:1,(anonymous_1)
FNDA:1,defineProperties
FNDA:1,(anonymous_3)
FNDA:2,_interopRequireDefault
FNDA:1,_classCallCheck
FNDA:1,(anonymous_6)
FNDA:1,Header
FNDA:1,view
FNDA:1,render
DA:3,2
DA:5,1
DA:7,1
DA:9,1
DA:11,1
DA:13,2
DA:15,1
DA:17,1
DA:18,1
DA:19,1
DA:21,1
DA:22,1
DA:25,1
DA:28,1
DA:29,1
DA:30,1
DA:37,1
DA:42,1
LF:18
LH:18
BRDA:3,1,0,2
BRDA:3,1,1,2
BRDA:3,2,0,2
BRDA:3,2,1,0
BRDA:3,3,0,1
BRDA:3,3,1,0
BRDA:3,4,0,0
BRDA:3,4,1,1
BRDA:13,5,0,1
BRDA:13,5,1,1
BRDA:13,6,0,2
BRDA:13,6,1,2
BRDA:15,7,0,0
BRDA:15,7,1,1
BRF:14
BRH:10
end_of_record
TN:
SF:/Users/ion/Documents/ES6StarterProject/src/templates/header.html
FNF:0
FNH:0
DA:1,1
LF:1
LH:1
BRF:0
BRH:0
end_of_record
TN:
SF:/Users/ion/Documents/ES6StarterProject/src/scripts/models/header-model.js
FN:7,(anonymous_1)
FN:7,defineProperties
FN:7,(anonymous_3)
FN:9,get
FN:11,set
FN:17,_interopRequireDefault
FN:19,_classCallCheck
FN:21,_possibleConstructorReturn
FN:23,_inherits
FN:25,(anonymous_10)
FN:28,HeaderModel
FN:36,set
FN:39,get
FNF:13
FNH:11
FNDA:1,(anonymous_1)
FNDA:1,defineProperties
FNDA:1,(anonymous_3)
FNDA:1,get
FNDA:0,set
FNDA:1,_interopRequireDefault
FNDA:1,_classCallCheck
FNDA:1,_possibleConstructorReturn
FNDA:1,_inherits
FNDA:1,(anonymous_10)
FNDA:1,HeaderModel
FNDA:0,set
FNDA:1,get
DA:3,1
DA:7,1
DA:9,1
DA:11,1
DA:13,1
DA:15,1
DA:17,1
DA:19,1
DA:21,1
DA:23,1
DA:25,1
DA:26,1
DA:28,1
DA:29,1
DA:31,1
DA:34,1
DA:37,0
DA:40,1
DA:44,1
DA:49,1
LF:20
LH:19
BRDA:7,1,0,1
BRDA:7,1,1,1
BRDA:7,2,0,0
BRDA:7,2,1,1
BRDA:7,3,0,1
BRDA:7,3,1,0
BRDA:7,4,0,0
BRDA:7,4,1,1
BRDA:9,5,0,0
BRDA:9,5,1,1
BRDA:9,6,0,0
BRDA:9,6,1,1
BRDA:9,7,0,0
BRDA:9,7,1,0
BRDA:9,8,0,0
BRDA:9,8,1,1
BRDA:9,9,0,0
BRDA:9,9,1,1
BRDA:11,10,0,0
BRDA:11,10,1,0
BRDA:11,11,0,0
BRDA:11,11,1,0
BRDA:11,12,0,0
BRDA:11,12,1,0
BRDA:11,13,0,0
BRDA:11,13,1,0
BRDA:11,14,0,0
BRDA:11,14,1,0
BRDA:17,15,0,1
BRDA:17,15,1,0
BRDA:17,16,0,1
BRDA:17,16,1,1
BRDA:19,17,0,0
BRDA:19,17,1,1
BRDA:21,18,0,0
BRDA:21,18,1,1
BRDA:21,19,0,0
BRDA:21,19,1,1
BRDA:21,20,0,1
BRDA:21,20,1,0
BRDA:21,20,2,0
BRDA:23,21,0,0
BRDA:23,21,1,1
BRDA:23,22,0,1
BRDA:23,22,1,0
BRDA:23,23,0,1
BRDA:23,23,1,1
BRDA:23,24,0,1
BRDA:23,24,1,0
BRDA:23,25,0,0
BRDA:23,25,1,1
BRF:51
BRH:22
end_of_record
TN:
SF:/Users/ion/Documents/ES6StarterProject/src/scripts/partials/menu.js
FN:3,(anonymous_1)
FN:3,defineProperties
FN:3,(anonymous_3)
FN:13,_interopRequireDefault
FN:15,_classCallCheck
FN:17,(anonymous_6)
FN:18,Menu
FN:27,view
FN:34,render
FNF:9
FNH:9
FNDA:1,(anonymous_1)
FNDA:1,defineProperties
FNDA:1,(anonymous_3)
FNDA:2,_interopRequireDefault
FNDA:1,_classCallCheck
FNDA:1,(anonymous_6)
FNDA:1,Menu
FNDA:1,view
FNDA:1,render
DA:3,2
DA:5,1
DA:7,1
DA:9,1
DA:11,1
DA:13,2
DA:15,1
DA:17,1
DA:18,1
DA:19,1
DA:21,1
DA:22,1
DA:25,1
DA:28,1
DA:29,1
DA:30,1
DA:37,1
DA:42,1
LF:18
LH:18
BRDA:3,1,0,2
BRDA:3,1,1,2
BRDA:3,2,0,2
BRDA:3,2,1,0
BRDA:3,3,0,1
BRDA:3,3,1,0
BRDA:3,4,0,0
BRDA:3,4,1,1
BRDA:13,5,0,1
BRDA:13,5,1,1
BRDA:13,6,0,2
BRDA:13,6,1,2
BRDA:15,7,0,0
BRDA:15,7,1,1
BRF:14
BRH:10
end_of_record
TN:
SF:/Users/ion/Documents/ES6StarterProject/src/templates/menu.html
FNF:0
FNH:0
DA:1,1
LF:1
LH:1
BRF:0
BRH:0
end_of_record
TN:
SF:/Users/ion/Documents/ES6StarterProject/src/scripts/models/menu-model.js
FN:7,(anonymous_1)
FN:7,defineProperties
FN:7,(anonymous_3)
FN:13,_interopRequireDefault
FN:15,_classCallCheck
FN:17,_possibleConstructorReturn
FN:19,_inherits
FN:21,(anonymous_8)
FN:24,MenuModel
FN:47,set
FN:50,get
FNF:11
FNH:11
FNDA:1,(anonymous_1)
FNDA:1,defineProperties
FNDA:1,(anonymous_3)
FNDA:1,_interopRequireDefault
FNDA:1,_classCallCheck
FNDA:1,_possibleConstructorReturn
FNDA:1,_inherits
FNDA:1,(anonymous_8)
FNDA:1,MenuModel
FNDA:1,set
FNDA:1,get
DA:3,1
DA:7,1
DA:9,1
DA:11,1
DA:13,1
DA:15,1
DA:17,1
DA:19,1
DA:21,1
DA:22,1
DA:24,1
DA:25,1
DA:27,1
DA:29,1
DA:42,1
DA:45,1
DA:48,1
DA:51,1
DA:55,1
DA:58,1
LF:20
LH:20
BRDA:7,1,0,1
BRDA:7,1,1,1
BRDA:7,2,0,0
BRDA:7,2,1,1
BRDA:7,3,0,1
BRDA:7,3,1,0
BRDA:7,4,0,0
BRDA:7,4,1,1
BRDA:13,5,0,1
BRDA:13,5,1,0
BRDA:13,6,0,1
BRDA:13,6,1,1
BRDA:15,7,0,0
BRDA:15,7,1,1
BRDA:17,8,0,0
BRDA:17,8,1,1
BRDA:17,9,0,0
BRDA:17,9,1,1
BRDA:17,10,0,1
BRDA:17,10,1,0
BRDA:17,10,2,0
BRDA:19,11,0,0
BRDA:19,11,1,1
BRDA:19,12,0,1
BRDA:19,12,1,0
BRDA:19,13,0,1
BRDA:19,13,1,1
BRDA:19,14,0,1
BRDA:19,14,1,0
BRDA:19,15,0,0
BRDA:19,15,1,1
BRF:31
BRH:18
end_of_record
TN:
SF:/Users/ion/Documents/ES6StarterProject/src/scripts/partials/footer.js
FN:7,(anonymous_1)
FN:7,defineProperties
FN:7,(anonymous_3)
FN:17,_interopRequireDefault
FN:19,_classCallCheck
FN:21,(anonymous_6)
FN:22,Footer
FN:31,view
FN:38,render
FNF:9
FNH:9
FNDA:1,(anonymous_1)
FNDA:1,defineProperties
FNDA:1,(anonymous_3)
FNDA:2,_interopRequireDefault
FNDA:1,_classCallCheck
FNDA:1,(anonymous_6)
FNDA:1,Footer
FNDA:1,view
FNDA:1,render
DA:3,1
DA:7,2
DA:9,1
DA:11,1
DA:13,1
DA:15,1
DA:17,2
DA:19,1
DA:21,1
DA:22,1
DA:23,1
DA:25,1
DA:26,1
DA:29,1
DA:32,1
DA:33,1
DA:34,1
DA:41,1
DA:46,1
LF:19
LH:19
BRDA:7,1,0,2
BRDA:7,1,1,2
BRDA:7,2,0,2
BRDA:7,2,1,0
BRDA:7,3,0,1
BRDA:7,3,1,0
BRDA:7,4,0,0
BRDA:7,4,1,1
BRDA:17,5,0,1
BRDA:17,5,1,1
BRDA:17,6,0,2
BRDA:17,6,1,2
BRDA:19,7,0,0
BRDA:19,7,1,1
BRF:14
BRH:10
end_of_record
TN:
SF:/Users/ion/Documents/ES6StarterProject/src/templates/footer.html
FNF:0
FNH:0
DA:1,1
LF:1
LH:1
BRF:0
BRH:0
end_of_record
TN:
SF:/Users/ion/Documents/ES6StarterProject/src/scripts/models/footer-model.js
FN:7,(anonymous_1)
FN:7,defineProperties
FN:7,(anonymous_3)
FN:9,get
FN:11,set
FN:17,_interopRequireDefault
FN:19,_classCallCheck
FN:21,_possibleConstructorReturn
FN:23,_inherits
FN:25,(anonymous_10)
FN:28,FootertModel
FN:36,set
FN:39,get
FNF:13
FNH:11
FNDA:1,(anonymous_1)
FNDA:1,defineProperties
FNDA:1,(anonymous_3)
FNDA:1,get
FNDA:0,set
FNDA:1,_interopRequireDefault
FNDA:1,_classCallCheck
FNDA:1,_possibleConstructorReturn
FNDA:1,_inherits
FNDA:1,(anonymous_10)
FNDA:1,FootertModel
FNDA:0,set
FNDA:1,get
DA:3,1
DA:7,1
DA:9,1
DA:11,1
DA:13,1
DA:15,1
DA:17,1
DA:19,1
DA:21,1
DA:23,1
DA:25,1
DA:26,1
DA:28,1
DA:29,1
DA:31,1
DA:34,1
DA:37,0
DA:40,1
DA:44,1
DA:49,1
LF:20
LH:19
BRDA:7,1,0,1
BRDA:7,1,1,1
BRDA:7,2,0,0
BRDA:7,2,1,1
BRDA:7,3,0,1
BRDA:7,3,1,0
BRDA:7,4,0,0
BRDA:7,4,1,1
BRDA:9,5,0,0
BRDA:9,5,1,1
BRDA:9,6,0,0
BRDA:9,6,1,1
BRDA:9,7,0,0
BRDA:9,7,1,0
BRDA:9,8,0,0
BRDA:9,8,1,1
BRDA:9,9,0,0
BRDA:9,9,1,1
BRDA:11,10,0,0
BRDA:11,10,1,0
BRDA:11,11,0,0
BRDA:11,11,1,0
BRDA:11,12,0,0
BRDA:11,12,1,0
BRDA:11,13,0,0
BRDA:11,13,1,0
BRDA:11,14,0,0
BRDA:11,14,1,0
BRDA:17,15,0,1
BRDA:17,15,1,0
BRDA:17,16,0,1
BRDA:17,16,1,1
BRDA:19,17,0,0
BRDA:19,17,1,1
BRDA:21,18,0,0
BRDA:21,18,1,1
BRDA:21,19,0,0
BRDA:21,19,1,1
BRDA:21,20,0,1
BRDA:21,20,1,0
BRDA:21,20,2,0
BRDA:23,21,0,0
BRDA:23,21,1,1
BRDA:23,22,0,1
BRDA:23,22,1,0
BRDA:23,23,0,1
BRDA:23,23,1,1
BRDA:23,24,0,1
BRDA:23,24,1,0
BRDA:23,25,0,0
BRDA:23,25,1,1
BRF:51
BRH:22
end_of_record
TN:
SF:/Users/ion/Documents/ES6StarterProject/src/scripts/views/home.js
FN:7,(anonymous_1)
FN:7,defineProperties
FN:7,(anonymous_3)
FN:9,get
FN:23,_interopRequireDefault
FN:25,_classCallCheck
FN:27,_possibleConstructorReturn
FN:29,_inherits
FN:31,(anonymous_9)
FN:34,Home
FN:46,view
FN:51,title
FN:56,render
FN:60,(anonymous_14)
FN:66,click
FN:71,destroy
FN:78,animateIn
FNF:17
FNH:15
FNDA:1,(anonymous_1)
FNDA:1,defineProperties
FNDA:1,(anonymous_3)
FNDA:11,get
FNDA:3,_interopRequireDefault
FNDA:5,_classCallCheck
FNDA:5,_possibleConstructorReturn
FNDA:1,_inherits
FNDA:1,(anonymous_9)
FNDA:5,Home
FNDA:5,view
FNDA:5,title
FNDA:5,render
FNDA:0,(anonymous_14)
FNDA:0,click
FNDA:5,destroy
FNDA:1,animateIn
DA:3,1
DA:7,6
DA:9,11
DA:11,1
DA:13,1
DA:15,1
DA:17,1
DA:19,1
DA:21,1
DA:23,3
DA:25,5
DA:27,5
DA:29,1
DA:31,1
DA:32,1
DA:34,1
DA:35,5
DA:37,5
DA:39,5
DA:40,5
DA:41,5
DA:44,1
DA:47,5
DA:52,5
DA:57,5
DA:59,5
DA:60,5
DA:61,0
DA:67,0
DA:72,5
DA:73,5
DA:74,5
DA:79,1
DA:80,1
DA:84,1
DA:89,1
LF:36
LH:34
BRDA:7,1,0,6
BRDA:7,1,1,6
BRDA:7,2,0,6
BRDA:7,2,1,0
BRDA:7,3,0,1
BRDA:7,3,1,0
BRDA:7,4,0,0
BRDA:7,4,1,1
BRDA:9,5,0,0
BRDA:9,5,1,11
BRDA:9,6,0,0
BRDA:9,6,1,11
BRDA:9,7,0,0
BRDA:9,7,1,0
BRDA:9,8,0,6
BRDA:9,8,1,5
BRDA:9,9,0,0
BRDA:9,9,1,5
BRDA:23,10,0,2
BRDA:23,10,1,1
BRDA:23,11,0,3
BRDA:23,11,1,3
BRDA:25,12,0,0
BRDA:25,12,1,5
BRDA:27,13,0,0
BRDA:27,13,1,5
BRDA:27,14,0,0
BRDA:27,14,1,5
BRDA:27,15,0,5
BRDA:27,15,1,0
BRDA:27,15,2,0
BRDA:29,16,0,0
BRDA:29,16,1,1
BRDA:29,17,0,1
BRDA:29,17,1,0
BRDA:29,18,0,1
BRDA:29,18,1,1
BRDA:29,19,0,1
BRDA:29,19,1,0
BRDA:29,20,0,0
BRDA:29,20,1,1
BRF:41
BRH:24
end_of_record
TN:
SF:/Users/ion/Documents/ES6StarterProject/src/templates/home.html
FNF:0
FNH:0
DA:1,1
LF:1
LH:1
BRF:0
BRH:0
end_of_record
TN:
SF:/Users/ion/Documents/ES6StarterProject/src/scripts/core/baseView.js
FN:7,(anonymous_1)
FN:7,defineProperties
FN:7,(anonymous_3)
FN:9,_classCallCheck
FN:11,(anonymous_5)
FN:12,BaseView
FN:22,view
FN:29,render
FN:32,destroy
FN:35,animateIn
FN:36,(anonymous_11)
FN:43,set
FN:46,get
FNF:13
FNH:10
FNDA:1,(anonymous_1)
FNDA:1,defineProperties
FNDA:1,(anonymous_3)
FNDA:12,_classCallCheck
FNDA:1,(anonymous_5)
FNDA:12,BaseView
FNDA:12,view
FNDA:0,render
FNDA:0,destroy
FNDA:12,animateIn
FNDA:12,(anonymous_11)
FNDA:0,set
FNDA:12,get
DA:3,1
DA:7,5
DA:9,12
DA:11,1
DA:12,1
DA:13,12
DA:15,12
DA:16,12
DA:17,12
DA:20,1
DA:23,12
DA:24,12
DA:25,12
DA:36,12
DA:37,12
DA:38,12
DA:44,0
DA:47,12
DA:51,1
DA:54,1
LF:20
LH:19
BRDA:7,1,0,5
BRDA:7,1,1,5
BRDA:7,2,0,4
BRDA:7,2,1,1
BRDA:7,3,0,1
BRDA:7,3,1,0
BRDA:7,4,0,0
BRDA:7,4,1,1
BRDA:9,5,0,0
BRDA:9,5,1,12
BRF:10
BRH:7
end_of_record
TN:
SF:/Users/ion/Documents/ES6StarterProject/src/scripts/views/contact.js
FN:7,(anonymous_1)
FN:7,defineProperties
FN:7,(anonymous_3)
FN:9,get
FN:23,_interopRequireDefault
FN:25,_classCallCheck
FN:27,_possibleConstructorReturn
FN:29,_inherits
FN:31,(anonymous_9)
FN:34,Contact
FN:45,view
FN:50,title
FN:55,render
FN:58,destroy
FN:61,animateIn
FNF:15
FNH:15
FNDA:1,(anonymous_1)
FNDA:1,defineProperties
FNDA:1,(anonymous_3)
FNDA:13,get
FNDA:3,_interopRequireDefault
FNDA:2,_classCallCheck
FNDA:2,_possibleConstructorReturn
FNDA:1,_inherits
FNDA:1,(anonymous_9)
FNDA:2,Contact
FNDA:2,view
FNDA:2,title
FNDA:2,render
FNDA:2,destroy
FNDA:9,animateIn
DA:3,1
DA:7,5
DA:9,13
DA:11,1
DA:13,1
DA:15,1
DA:17,1
DA:19,1
DA:21,1
DA:23,3
DA:25,2
DA:27,2
DA:29,1
DA:31,1
DA:32,1
DA:34,1
DA:35,2
DA:37,2
DA:39,2
DA:40,2
DA:43,1
DA:46,2
DA:51,2
DA:62,9
DA:63,9
DA:67,1
DA:72,1
LF:27
LH:27
BRDA:7,1,0,5
BRDA:7,1,1,5
BRDA:7,2,0,5
BRDA:7,2,1,0
BRDA:7,3,0,1
BRDA:7,3,1,0
BRDA:7,4,0,0
BRDA:7,4,1,1
BRDA:9,5,0,0
BRDA:9,5,1,13
BRDA:9,6,0,0
BRDA:9,6,1,13
BRDA:9,7,0,0
BRDA:9,7,1,0
BRDA:9,8,0,11
BRDA:9,8,1,2
BRDA:9,9,0,0
BRDA:9,9,1,2
BRDA:23,10,0,2
BRDA:23,10,1,1
BRDA:23,11,0,3
BRDA:23,11,1,3
BRDA:25,12,0,0
BRDA:25,12,1,2
BRDA:27,13,0,0
BRDA:27,13,1,2
BRDA:27,14,0,0
BRDA:27,14,1,2
BRDA:27,15,0,2
BRDA:27,15,1,0
BRDA:27,15,2,0
BRDA:29,16,0,0
BRDA:29,16,1,1
BRDA:29,17,0,1
BRDA:29,17,1,0
BRDA:29,18,0,1
BRDA:29,18,1,1
BRDA:29,19,0,1
BRDA:29,19,1,0
BRDA:29,20,0,0
BRDA:29,20,1,1
BRF:41
BRH:24
end_of_record
TN:
SF:/Users/ion/Documents/ES6StarterProject/src/templates/contact.html
FNF:0
FNH:0
DA:1,1
LF:1
LH:1
BRF:0
BRH:0
end_of_record
TN:
SF:/Users/ion/Documents/ES6StarterProject/src/scripts/models/contact-model.js
FN:7,(anonymous_1)
FN:7,defineProperties
FN:7,(anonymous_3)
FN:9,get
FN:11,set
FN:17,_interopRequireDefault
FN:19,_classCallCheck
FN:21,_possibleConstructorReturn
FN:23,_inherits
FN:25,(anonymous_10)
FN:28,ContactModel
FN:39,set
FN:42,get
FNF:13
FNH:12
FNDA:1,(anonymous_1)
FNDA:1,defineProperties
FNDA:1,(anonymous_3)
FNDA:4,get
FNDA:3,set
FNDA:1,_interopRequireDefault
FNDA:3,_classCallCheck
FNDA:3,_possibleConstructorReturn
FNDA:1,_inherits
FNDA:1,(anonymous_10)
FNDA:3,ContactModel
FNDA:0,set
FNDA:4,get
DA:3,1
DA:7,1
DA:9,4
DA:11,3
DA:13,1
DA:15,1
DA:17,1
DA:19,3
DA:21,3
DA:23,1
DA:25,1
DA:26,1
DA:28,1
DA:29,3
DA:31,3
DA:33,3
DA:34,3
DA:37,1
DA:40,0
DA:43,4
DA:47,1
DA:52,1
LF:22
LH:21
BRDA:7,1,0,1
BRDA:7,1,1,1
BRDA:7,2,0,0
BRDA:7,2,1,1
BRDA:7,3,0,1
BRDA:7,3,1,0
BRDA:7,4,0,0
BRDA:7,4,1,1
BRDA:9,5,0,0
BRDA:9,5,1,4
BRDA:9,6,0,0
BRDA:9,6,1,4
BRDA:9,7,0,0
BRDA:9,7,1,0
BRDA:9,8,0,0
BRDA:9,8,1,4
BRDA:9,9,0,0
BRDA:9,9,1,4
BRDA:11,10,0,0
BRDA:11,10,1,3
BRDA:11,11,0,0
BRDA:11,11,1,0
BRDA:11,12,0,0
BRDA:11,12,1,3
BRDA:11,13,0,3
BRDA:11,13,1,0
BRDA:11,14,0,3
BRDA:11,14,1,0
BRDA:17,15,0,1
BRDA:17,15,1,0
BRDA:17,16,0,1
BRDA:17,16,1,1
BRDA:19,17,0,0
BRDA:19,17,1,3
BRDA:21,18,0,0
BRDA:21,18,1,3
BRDA:21,19,0,0
BRDA:21,19,1,3
BRDA:21,20,0,3
BRDA:21,20,1,0
BRDA:21,20,2,0
BRDA:23,21,0,0
BRDA:23,21,1,1
BRDA:23,22,0,1
BRDA:23,22,1,0
BRDA:23,23,0,1
BRDA:23,23,1,1
BRDA:23,24,0,1
BRDA:23,24,1,0
BRDA:23,25,0,0
BRDA:23,25,1,1
BRF:51
BRH:26
end_of_record
TN:
SF:/Users/ion/Documents/ES6StarterProject/src/scripts/views/about.js
FN:7,(anonymous_1)
FN:7,defineProperties
FN:7,(anonymous_3)
FN:9,get
FN:23,_interopRequireDefault
FN:25,_classCallCheck
FN:27,_possibleConstructorReturn
FN:29,_inherits
FN:31,(anonymous_9)
FN:34,About
FN:45,view
FN:50,title
FN:55,render
FN:58,destroy
FN:61,animateIn
FNF:15
FNH:15
FNDA:1,(anonymous_1)
FNDA:1,defineProperties
FNDA:1,(anonymous_3)
FNDA:5,get
FNDA:3,_interopRequireDefault
FNDA:2,_classCallCheck
FNDA:2,_possibleConstructorReturn
FNDA:1,_inherits
FNDA:1,(anonymous_9)
FNDA:2,About
FNDA:2,view
FNDA:2,title
FNDA:2,render
FNDA:2,destroy
FNDA:1,animateIn
DA:3,1
DA:7,5
DA:9,5
DA:11,1
DA:13,1
DA:15,1
DA:17,1
DA:19,1
DA:21,1
DA:23,3
DA:25,2
DA:27,2
DA:29,1
DA:31,1
DA:32,1
DA:34,1
DA:35,2
DA:37,2
DA:39,2
DA:40,2
DA:43,1
DA:46,2
DA:51,2
DA:62,1
DA:63,1
DA:67,1
DA:72,1
LF:27
LH:27
BRDA:7,1,0,5
BRDA:7,1,1,5
BRDA:7,2,0,5
BRDA:7,2,1,0
BRDA:7,3,0,1
BRDA:7,3,1,0
BRDA:7,4,0,0
BRDA:7,4,1,1
BRDA:9,5,0,0
BRDA:9,5,1,5
BRDA:9,6,0,0
BRDA:9,6,1,5
BRDA:9,7,0,0
BRDA:9,7,1,0
BRDA:9,8,0,3
BRDA:9,8,1,2
BRDA:9,9,0,0
BRDA:9,9,1,2
BRDA:23,10,0,2
BRDA:23,10,1,1
BRDA:23,11,0,3
BRDA:23,11,1,3
BRDA:25,12,0,0
BRDA:25,12,1,2
BRDA:27,13,0,0
BRDA:27,13,1,2
BRDA:27,14,0,0
BRDA:27,14,1,2
BRDA:27,15,0,2
BRDA:27,15,1,0
BRDA:27,15,2,0
BRDA:29,16,0,0
BRDA:29,16,1,1
BRDA:29,17,0,1
BRDA:29,17,1,0
BRDA:29,18,0,1
BRDA:29,18,1,1
BRDA:29,19,0,1
BRDA:29,19,1,0
BRDA:29,20,0,0
BRDA:29,20,1,1
BRF:41
BRH:24
end_of_record
TN:
SF:/Users/ion/Documents/ES6StarterProject/src/templates/about.html
FNF:0
FNH:0
DA:1,1
LF:1
LH:1
BRF:0
BRH:0
end_of_record
TN:
SF:/Users/ion/Documents/ES6StarterProject/src/scripts/models/about-model.js
FN:7,(anonymous_1)
FN:7,defineProperties
FN:7,(anonymous_3)
FN:9,get
FN:11,set
FN:17,_interopRequireDefault
FN:19,_classCallCheck
FN:21,_possibleConstructorReturn
FN:23,_inherits
FN:25,(anonymous_10)
FN:28,AboutModel
FN:39,set
FN:42,get
FNF:13
FNH:12
FNDA:1,(anonymous_1)
FNDA:1,defineProperties
FNDA:1,(anonymous_3)
FNDA:4,get
FNDA:3,set
FNDA:1,_interopRequireDefault
FNDA:3,_classCallCheck
FNDA:3,_possibleConstructorReturn
FNDA:1,_inherits
FNDA:1,(anonymous_10)
FNDA:3,AboutModel
FNDA:0,set
FNDA:4,get
DA:3,1
DA:7,1
DA:9,4
DA:11,3
DA:13,1
DA:15,1
DA:17,1
DA:19,3
DA:21,3
DA:23,1
DA:25,1
DA:26,1
DA:28,1
DA:29,3
DA:31,3
DA:33,3
DA:34,3
DA:37,1
DA:40,0
DA:43,4
DA:47,1
DA:52,1
LF:22
LH:21
BRDA:7,1,0,1
BRDA:7,1,1,1
BRDA:7,2,0,0
BRDA:7,2,1,1
BRDA:7,3,0,1
BRDA:7,3,1,0
BRDA:7,4,0,0
BRDA:7,4,1,1
BRDA:9,5,0,0
BRDA:9,5,1,4
BRDA:9,6,0,0
BRDA:9,6,1,4
BRDA:9,7,0,0
BRDA:9,7,1,0
BRDA:9,8,0,0
BRDA:9,8,1,4
BRDA:9,9,0,0
BRDA:9,9,1,4
BRDA:11,10,0,0
BRDA:11,10,1,3
BRDA:11,11,0,0
BRDA:11,11,1,0
BRDA:11,12,0,0
BRDA:11,12,1,3
BRDA:11,13,0,3
BRDA:11,13,1,0
BRDA:11,14,0,3
BRDA:11,14,1,0
BRDA:17,15,0,1
BRDA:17,15,1,0
BRDA:17,16,0,1
BRDA:17,16,1,1
BRDA:19,17,0,0
BRDA:19,17,1,3
BRDA:21,18,0,0
BRDA:21,18,1,3
BRDA:21,19,0,0
BRDA:21,19,1,3
BRDA:21,20,0,3
BRDA:21,20,1,0
BRDA:21,20,2,0
BRDA:23,21,0,0
BRDA:23,21,1,1
BRDA:23,22,0,1
BRDA:23,22,1,0
BRDA:23,23,0,1
BRDA:23,23,1,1
BRDA:23,24,0,1
BRDA:23,24,1,0
BRDA:23,25,0,0
BRDA:23,25,1,1
BRF:51
BRH:26
end_of_record
TN:
SF:/Users/ion/Documents/ES6StarterProject/src/scripts/views/notfound.js
FN:7,(anonymous_1)
FN:7,defineProperties
FN:7,(anonymous_3)
FN:9,get
FN:23,_interopRequireDefault
FN:25,_classCallCheck
FN:27,_possibleConstructorReturn
FN:29,_inherits
FN:31,(anonymous_9)
FN:34,NotFound
FN:45,view
FN:50,title
FN:55,render
FN:58,destroy
FN:61,animateIn
FNF:15
FNH:15
FNDA:1,(anonymous_1)
FNDA:1,defineProperties
FNDA:1,(anonymous_3)
FNDA:7,get
FNDA:3,_interopRequireDefault
FNDA:3,_classCallCheck
FNDA:3,_possibleConstructorReturn
FNDA:1,_inherits
FNDA:1,(anonymous_9)
FNDA:3,NotFound
FNDA:3,view
FNDA:3,title
FNDA:3,render
FNDA:2,destroy
FNDA:1,animateIn
DA:3,1
DA:7,5
DA:9,7
DA:11,1
DA:13,1
DA:15,1
DA:17,1
DA:19,1
DA:21,1
DA:23,3
DA:25,3
DA:27,3
DA:29,1
DA:31,1
DA:32,1
DA:34,1
DA:35,3
DA:37,3
DA:39,3
DA:40,3
DA:43,1
DA:46,3
DA:51,3
DA:62,1
DA:63,1
DA:67,1
DA:72,1
LF:27
LH:27
BRDA:7,1,0,5
BRDA:7,1,1,5
BRDA:7,2,0,5
BRDA:7,2,1,0
BRDA:7,3,0,1
BRDA:7,3,1,0
BRDA:7,4,0,0
BRDA:7,4,1,1
BRDA:9,5,0,0
BRDA:9,5,1,7
BRDA:9,6,0,0
BRDA:9,6,1,7
BRDA:9,7,0,0
BRDA:9,7,1,0
BRDA:9,8,0,4
BRDA:9,8,1,3
BRDA:9,9,0,0
BRDA:9,9,1,3
BRDA:23,10,0,2
BRDA:23,10,1,1
BRDA:23,11,0,3
BRDA:23,11,1,3
BRDA:25,12,0,0
BRDA:25,12,1,3
BRDA:27,13,0,0
BRDA:27,13,1,3
BRDA:27,14,0,0
BRDA:27,14,1,3
BRDA:27,15,0,3
BRDA:27,15,1,0
BRDA:27,15,2,0
BRDA:29,16,0,0
BRDA:29,16,1,1
BRDA:29,17,0,1
BRDA:29,17,1,0
BRDA:29,18,0,1
BRDA:29,18,1,1
BRDA:29,19,0,1
BRDA:29,19,1,0
BRDA:29,20,0,0
BRDA:29,20,1,1
BRF:41
BRH:24
end_of_record
TN:
SF:/Users/ion/Documents/ES6StarterProject/src/templates/notfound.html
FNF:0
FNH:0
DA:1,1
LF:1
LH:1
BRF:0
BRH:0
end_of_record
TN:
SF:/Users/ion/Documents/ES6StarterProject/src/scripts/models/notfound-model.js
FN:7,(anonymous_1)
FN:7,defineProperties
FN:7,(anonymous_3)
FN:9,get
FN:11,set
FN:17,_interopRequireDefault
FN:19,_classCallCheck
FN:21,_possibleConstructorReturn
FN:23,_inherits
FN:25,(anonymous_10)
FN:28,NotFoundModel
FN:40,set
FN:43,get
FN:48,set
FN:51,get
FNF:15
FNH:13
FNDA:1,(anonymous_1)
FNDA:1,defineProperties
FNDA:1,(anonymous_3)
FNDA:5,get
FNDA:4,set
FNDA:1,_interopRequireDefault
FNDA:4,_classCallCheck
FNDA:4,_possibleConstructorReturn
FNDA:1,_inherits
FNDA:1,(anonymous_10)
FNDA:4,NotFoundModel
FNDA:0,set
FNDA:5,get
FNDA:0,set
FNDA:3,get
DA:3,1
DA:7,2
DA:9,5
DA:11,4
DA:13,1
DA:15,1
DA:17,1
DA:19,4
DA:21,4
DA:23,1
DA:25,1
DA:26,1
DA:28,1
DA:29,4
DA:31,4
DA:33,4
DA:34,4
DA:35,4
DA:38,1
DA:41,0
DA:44,5
DA:49,0
DA:52,3
DA:56,1
DA:61,1
LF:25
LH:23
BRDA:7,1,0,2
BRDA:7,1,1,2
BRDA:7,2,0,0
BRDA:7,2,1,2
BRDA:7,3,0,1
BRDA:7,3,1,0
BRDA:7,4,0,0
BRDA:7,4,1,1
BRDA:9,5,0,0
BRDA:9,5,1,5
BRDA:9,6,0,0
BRDA:9,6,1,5
BRDA:9,7,0,0
BRDA:9,7,1,0
BRDA:9,8,0,0
BRDA:9,8,1,5
BRDA:9,9,0,0
BRDA:9,9,1,5
BRDA:11,10,0,0
BRDA:11,10,1,4
BRDA:11,11,0,0
BRDA:11,11,1,0
BRDA:11,12,0,0
BRDA:11,12,1,4
BRDA:11,13,0,4
BRDA:11,13,1,0
BRDA:11,14,0,4
BRDA:11,14,1,0
BRDA:17,15,0,1
BRDA:17,15,1,0
BRDA:17,16,0,1
BRDA:17,16,1,1
BRDA:19,17,0,0
BRDA:19,17,1,4
BRDA:21,18,0,0
BRDA:21,18,1,4
BRDA:21,19,0,0
BRDA:21,19,1,4
BRDA:21,20,0,4
BRDA:21,20,1,0
BRDA:21,20,2,0
BRDA:23,21,0,0
BRDA:23,21,1,1
BRDA:23,22,0,1
BRDA:23,22,1,0
BRDA:23,23,0,1
BRDA:23,23,1,1
BRDA:23,24,0,1
BRDA:23,24,1,0
BRDA:23,25,0,0
BRDA:23,25,1,1
BRF:51
BRH:26
end_of_record
TN:
SF:/Users/ion/Documents/ES6StarterProject/spec/controllerSpec.js
FN:19,_interopRequireDefault
FN:21,(anonymous_2)
FN:23,(anonymous_3)
FN:27,(anonymous_4)
FN:33,(anonymous_5)
FN:39,(anonymous_6)
FN:44,(anonymous_7)
FN:49,(anonymous_8)
FN:50,(anonymous_9)
FN:54,(anonymous_10)
FN:60,(anonymous_11)
FN:67,(anonymous_12)
FN:74,(anonymous_13)
FN:78,(anonymous_14)
FN:85,(anonymous_15)
FN:89,(anonymous_16)
FN:96,(anonymous_17)
FN:100,(anonymous_18)
FN:107,(anonymous_19)
FN:111,(anonymous_20)
FNF:20
FNH:20
FNDA:4,_interopRequireDefault
FNDA:1,(anonymous_2)
FNDA:1,(anonymous_3)
FNDA:1,(anonymous_4)
FNDA:1,(anonymous_5)
FNDA:1,(anonymous_6)
FNDA:1,(anonymous_7)
FNDA:1,(anonymous_8)
FNDA:1,(anonymous_9)
FNDA:1,(anonymous_10)
FNDA:1,(anonymous_11)
FNDA:1,(anonymous_12)
FNDA:1,(anonymous_13)
FNDA:1,(anonymous_14)
FNDA:1,(anonymous_15)
FNDA:1,(anonymous_16)
FNDA:1,(anonymous_17)
FNDA:1,(anonymous_18)
FNDA:1,(anonymous_19)
FNDA:1,(anonymous_20)
DA:3,1
DA:5,1
DA:7,1
DA:9,1
DA:11,1
DA:13,1
DA:15,1
DA:17,1
DA:19,4
DA:21,1
DA:23,1
DA:24,1
DA:27,1
DA:28,1
DA:29,1
DA:30,1
DA:33,1
DA:34,1
DA:35,1
DA:36,1
DA:39,1
DA:40,1
DA:41,1
DA:42,1
DA:44,1
DA:45,1
DA:46,1
DA:47,1
DA:49,1
DA:50,1
DA:51,1
DA:54,1
DA:55,1
DA:56,1
DA:57,1
DA:58,1
DA:60,1
DA:61,1
DA:62,1
DA:63,1
DA:64,1
DA:67,1
DA:68,1
DA:69,1
DA:70,1
DA:71,1
DA:74,1
DA:75,1
DA:76,1
DA:78,1
DA:79,1
DA:80,1
DA:81,1
DA:85,1
DA:86,1
DA:87,1
DA:89,1
DA:90,1
DA:91,1
DA:92,1
DA:96,1
DA:97,1
DA:98,1
DA:100,1
DA:101,1
DA:102,1
DA:103,1
DA:107,1
DA:108,1
DA:109,1
DA:111,1
DA:112,1
DA:113,1
DA:114,1
LF:74
LH:74
BRDA:19,1,0,4
BRDA:19,1,1,0
BRDA:19,2,0,4
BRDA:19,2,1,4
BRF:4
BRH:3
end_of_record
TN:
SF:/Users/ion/Documents/ES6StarterProject/spec/homeModelSpec.js
FN:7,_interopRequireDefault
FN:9,(anonymous_2)
FN:13,(anonymous_3)
FNF:3
FNH:3
FNDA:1,_interopRequireDefault
FNDA:1,(anonymous_2)
FNDA:1,(anonymous_3)
DA:3,1
DA:5,1
DA:7,1
DA:9,1
DA:11,1
DA:13,1
DA:14,1
LF:7
LH:7
BRDA:7,1,0,1
BRDA:7,1,1,0
BRDA:7,2,0,1
BRDA:7,2,1,1
BRF:4
BRH:3
end_of_record
